2025-11-29 21:57:45,832:WARNING:
'cuml' is a soft dependency and not included in the pycaret installation. Please run: `pip install cuml` to install.
2025-11-29 21:57:45,832:WARNING:
'cuml' is a soft dependency and not included in the pycaret installation. Please run: `pip install cuml` to install.
2025-11-29 21:57:45,832:WARNING:
'cuml' is a soft dependency and not included in the pycaret installation. Please run: `pip install cuml` to install.
2025-11-29 21:57:45,832:WARNING:
'cuml' is a soft dependency and not included in the pycaret installation. Please run: `pip install cuml` to install.
2025-11-29 21:58:25,609:WARNING:
'cuml' is a soft dependency and not included in the pycaret installation. Please run: `pip install cuml` to install.
2025-11-29 21:58:25,609:WARNING:
'cuml' is a soft dependency and not included in the pycaret installation. Please run: `pip install cuml` to install.
2025-11-29 21:58:25,609:WARNING:
'cuml' is a soft dependency and not included in the pycaret installation. Please run: `pip install cuml` to install.
2025-11-29 21:58:25,609:WARNING:
'cuml' is a soft dependency and not included in the pycaret installation. Please run: `pip install cuml` to install.
2025-11-29 21:58:25,962:INFO:PyCaret ClassificationExperiment
2025-11-29 21:58:25,962:INFO:Logging name: clf-default-name
2025-11-29 21:58:25,962:INFO:ML Usecase: MLUsecase.CLASSIFICATION
2025-11-29 21:58:25,962:INFO:version 3.3.2
2025-11-29 21:58:25,962:INFO:Initializing setup()
2025-11-29 21:58:25,962:INFO:self.USI: feec
2025-11-29 21:58:25,962:INFO:self._variable_keys: {'seed', 'X_train', 'logging_param', 'fold_groups_param', 'exp_name_log', '_ml_usecase', 'memory', 'fold_shuffle_param', 'gpu_n_jobs_param', 'idx', 'gpu_param', 'y_train', 'fold_generator', 'log_plots_param', 'fix_imbalance', 'exp_id', 'X_test', 'X', 'y', 'pipeline', 'data', 'USI', 'target_param', '_available_plots', 'y_test', 'n_jobs_param', 'html_param', 'is_multiclass'}
2025-11-29 21:58:25,962:INFO:Checking environment
2025-11-29 21:58:25,962:INFO:python_version: 3.9.6
2025-11-29 21:58:25,962:INFO:python_build: ('default', 'Nov 11 2024 03:15:38')
2025-11-29 21:58:25,962:INFO:machine: arm64
2025-11-29 21:58:25,982:INFO:platform: macOS-15.2-arm64-arm-64bit
2025-11-29 21:58:25,982:INFO:Memory: svmem(total=17179869184, available=3322707968, percent=80.7, used=5275992064, free=64929792, active=3275358208, inactive=3177955328, wired=2000633856)
2025-11-29 21:58:25,982:INFO:Physical Core: 10
2025-11-29 21:58:25,982:INFO:Logical Core: 10
2025-11-29 21:58:25,982:INFO:Checking libraries
2025-11-29 21:58:25,982:INFO:System:
2025-11-29 21:58:25,982:INFO:    python: 3.9.6 (default, Nov 11 2024, 03:15:38)  [Clang 16.0.0 (clang-1600.0.26.6)]
2025-11-29 21:58:25,982:INFO:executable: /Users/joseph/trainingPython/.venv-pycaret/bin/python
2025-11-29 21:58:25,982:INFO:   machine: macOS-15.2-arm64-arm-64bit
2025-11-29 21:58:25,982:INFO:PyCaret required dependencies:
2025-11-29 21:58:25,984:WARNING:/Users/joseph/trainingPython/.venv-pycaret/lib/python3.9/site-packages/_distutils_hack/__init__.py:30: UserWarning: Setuptools is replacing distutils. Support for replacing an already imported distutils is deprecated. In the future, this condition will fail. Register concerns at https://github.com/pypa/setuptools/issues/new?template=distutils-deprecation.yml
  warnings.warn(

2025-11-29 21:59:35,437:WARNING:
'cuml' is a soft dependency and not included in the pycaret installation. Please run: `pip install cuml` to install.
2025-11-29 21:59:35,437:WARNING:
'cuml' is a soft dependency and not included in the pycaret installation. Please run: `pip install cuml` to install.
2025-11-29 21:59:35,437:WARNING:
'cuml' is a soft dependency and not included in the pycaret installation. Please run: `pip install cuml` to install.
2025-11-29 21:59:35,437:WARNING:
'cuml' is a soft dependency and not included in the pycaret installation. Please run: `pip install cuml` to install.
2025-11-29 21:59:35,803:INFO:PyCaret ClassificationExperiment
2025-11-29 21:59:35,803:INFO:Logging name: clf-default-name
2025-11-29 21:59:35,803:INFO:ML Usecase: MLUsecase.CLASSIFICATION
2025-11-29 21:59:35,803:INFO:version 3.3.2
2025-11-29 21:59:35,803:INFO:Initializing setup()
2025-11-29 21:59:35,803:INFO:self.USI: 2b5e
2025-11-29 21:59:35,803:INFO:self._variable_keys: {'_ml_usecase', 'idx', 'fix_imbalance', 'X_train', 'X_test', 'log_plots_param', 'exp_name_log', 'logging_param', 'memory', 'html_param', 'fold_groups_param', 'is_multiclass', 'n_jobs_param', 'data', 'X', 'USI', 'exp_id', 'y_train', 'y_test', '_available_plots', 'target_param', 'fold_shuffle_param', 'fold_generator', 'y', 'gpu_param', 'seed', 'pipeline', 'gpu_n_jobs_param'}
2025-11-29 21:59:35,803:INFO:Checking environment
2025-11-29 21:59:35,803:INFO:python_version: 3.9.6
2025-11-29 21:59:35,803:INFO:python_build: ('default', 'Nov 11 2024 03:15:38')
2025-11-29 21:59:35,803:INFO:machine: arm64
2025-11-29 21:59:35,820:INFO:platform: macOS-15.2-arm64-arm-64bit
2025-11-29 21:59:35,821:INFO:Memory: svmem(total=17179869184, available=3287023616, percent=80.9, used=5228806144, free=62029824, active=3236544512, inactive=3139321856, wired=1992261632)
2025-11-29 21:59:35,821:INFO:Physical Core: 10
2025-11-29 21:59:35,821:INFO:Logical Core: 10
2025-11-29 21:59:35,821:INFO:Checking libraries
2025-11-29 21:59:35,821:INFO:System:
2025-11-29 21:59:35,821:INFO:    python: 3.9.6 (default, Nov 11 2024, 03:15:38)  [Clang 16.0.0 (clang-1600.0.26.6)]
2025-11-29 21:59:35,821:INFO:executable: /Users/joseph/trainingPython/.venv-pycaret/bin/python
2025-11-29 21:59:35,821:INFO:   machine: macOS-15.2-arm64-arm-64bit
2025-11-29 21:59:35,821:INFO:PyCaret required dependencies:
2025-11-29 21:59:35,823:WARNING:/Users/joseph/trainingPython/.venv-pycaret/lib/python3.9/site-packages/_distutils_hack/__init__.py:30: UserWarning: Setuptools is replacing distutils. Support for replacing an already imported distutils is deprecated. In the future, this condition will fail. Register concerns at https://github.com/pypa/setuptools/issues/new?template=distutils-deprecation.yml
  warnings.warn(

2025-11-29 21:59:36,318:INFO:                 pip: 25.3
2025-11-29 21:59:36,318:INFO:          setuptools: 80.9.0
2025-11-29 21:59:36,318:INFO:             pycaret: 3.3.2
2025-11-29 21:59:36,318:INFO:             IPython: 8.18.1
2025-11-29 21:59:36,318:INFO:          ipywidgets: 8.1.8
2025-11-29 21:59:36,318:INFO:                tqdm: 4.67.1
2025-11-29 21:59:36,318:INFO:               numpy: 1.26.4
2025-11-29 21:59:36,319:INFO:              pandas: 2.1.4
2025-11-29 21:59:36,319:INFO:              jinja2: 3.1.6
2025-11-29 21:59:36,319:INFO:               scipy: 1.11.4
2025-11-29 21:59:36,319:INFO:              joblib: 1.3.2
2025-11-29 21:59:36,319:INFO:             sklearn: 1.4.2
2025-11-29 21:59:36,319:INFO:                pyod: 2.0.5
2025-11-29 21:59:36,319:INFO:            imblearn: 0.12.4
2025-11-29 21:59:36,319:INFO:   category_encoders: 2.6.4
2025-11-29 21:59:36,319:INFO:            lightgbm: 4.6.0
2025-11-29 21:59:36,319:INFO:               numba: 0.60.0
2025-11-29 21:59:36,319:INFO:            requests: 2.32.5
2025-11-29 21:59:36,319:INFO:          matplotlib: 3.7.5
2025-11-29 21:59:36,319:INFO:          scikitplot: 0.3.7
2025-11-29 21:59:36,319:INFO:         yellowbrick: 1.5
2025-11-29 21:59:36,319:INFO:              plotly: 6.5.0
2025-11-29 21:59:36,319:INFO:    plotly-resampler: Not installed
2025-11-29 21:59:36,319:INFO:             kaleido: 1.2.0
2025-11-29 21:59:36,319:INFO:           schemdraw: 0.15
2025-11-29 21:59:36,319:INFO:         statsmodels: 0.14.5
2025-11-29 21:59:36,319:INFO:              sktime: 0.26.0
2025-11-29 21:59:36,319:INFO:               tbats: 1.1.3
2025-11-29 21:59:36,319:INFO:            pmdarima: 2.0.4
2025-11-29 21:59:36,319:INFO:              psutil: 7.1.3
2025-11-29 21:59:36,319:INFO:          markupsafe: 3.0.3
2025-11-29 21:59:36,319:INFO:             pickle5: Not installed
2025-11-29 21:59:36,319:INFO:         cloudpickle: 3.1.2
2025-11-29 21:59:36,319:INFO:         deprecation: 2.1.0
2025-11-29 21:59:36,319:INFO:              xxhash: 3.6.0
2025-11-29 21:59:36,319:INFO:           wurlitzer: 3.1.1
2025-11-29 21:59:36,319:INFO:PyCaret optional dependencies:
2025-11-29 21:59:36,325:INFO:                shap: Not installed
2025-11-29 21:59:36,325:INFO:           interpret: Not installed
2025-11-29 21:59:36,325:INFO:                umap: Not installed
2025-11-29 21:59:36,325:INFO:     ydata_profiling: Not installed
2025-11-29 21:59:36,325:INFO:  explainerdashboard: Not installed
2025-11-29 21:59:36,325:INFO:             autoviz: Not installed
2025-11-29 21:59:36,325:INFO:           fairlearn: Not installed
2025-11-29 21:59:36,325:INFO:          deepchecks: Not installed
2025-11-29 21:59:36,325:INFO:             xgboost: Not installed
2025-11-29 21:59:36,325:INFO:            catboost: Not installed
2025-11-29 21:59:36,325:INFO:              kmodes: Not installed
2025-11-29 21:59:36,325:INFO:             mlxtend: Not installed
2025-11-29 21:59:36,325:INFO:       statsforecast: Not installed
2025-11-29 21:59:36,325:INFO:        tune_sklearn: Not installed
2025-11-29 21:59:36,325:INFO:                 ray: Not installed
2025-11-29 21:59:36,325:INFO:            hyperopt: Not installed
2025-11-29 21:59:36,325:INFO:              optuna: Not installed
2025-11-29 21:59:36,326:INFO:               skopt: Not installed
2025-11-29 21:59:36,326:INFO:              mlflow: Not installed
2025-11-29 21:59:36,326:INFO:              gradio: Not installed
2025-11-29 21:59:36,326:INFO:             fastapi: Not installed
2025-11-29 21:59:36,326:INFO:             uvicorn: Not installed
2025-11-29 21:59:36,326:INFO:              m2cgen: Not installed
2025-11-29 21:59:36,326:INFO:           evidently: Not installed
2025-11-29 21:59:36,326:INFO:               fugue: Not installed
2025-11-29 21:59:36,326:INFO:           streamlit: Not installed
2025-11-29 21:59:36,326:INFO:             prophet: Not installed
2025-11-29 21:59:36,326:INFO:None
2025-11-29 21:59:36,326:INFO:Set up data.
2025-11-29 22:00:29,193:WARNING:
'cuml' is a soft dependency and not included in the pycaret installation. Please run: `pip install cuml` to install.
2025-11-29 22:00:29,193:WARNING:
'cuml' is a soft dependency and not included in the pycaret installation. Please run: `pip install cuml` to install.
2025-11-29 22:00:29,193:WARNING:
'cuml' is a soft dependency and not included in the pycaret installation. Please run: `pip install cuml` to install.
2025-11-29 22:00:29,193:WARNING:
'cuml' is a soft dependency and not included in the pycaret installation. Please run: `pip install cuml` to install.
2025-11-29 22:00:29,507:INFO:PyCaret ClassificationExperiment
2025-11-29 22:00:29,507:INFO:Logging name: clf-default-name
2025-11-29 22:00:29,507:INFO:ML Usecase: MLUsecase.CLASSIFICATION
2025-11-29 22:00:29,507:INFO:version 3.3.2
2025-11-29 22:00:29,507:INFO:Initializing setup()
2025-11-29 22:00:29,507:INFO:self.USI: a69d
2025-11-29 22:00:29,507:INFO:self._variable_keys: {'X', 'fix_imbalance', 'is_multiclass', 'idx', 'X_test', 'y', 'n_jobs_param', 'pipeline', 'html_param', 'fold_groups_param', 'exp_name_log', 'memory', 'seed', 'logging_param', 'USI', 'target_param', 'exp_id', 'y_train', 'data', 'log_plots_param', 'fold_shuffle_param', '_available_plots', '_ml_usecase', 'gpu_n_jobs_param', 'gpu_param', 'fold_generator', 'X_train', 'y_test'}
2025-11-29 22:00:29,507:INFO:Checking environment
2025-11-29 22:00:29,507:INFO:python_version: 3.9.6
2025-11-29 22:00:29,507:INFO:python_build: ('default', 'Nov 11 2024 03:15:38')
2025-11-29 22:00:29,507:INFO:machine: arm64
2025-11-29 22:00:29,523:INFO:platform: macOS-15.2-arm64-arm-64bit
2025-11-29 22:00:29,524:INFO:Memory: svmem(total=17179869184, available=10660249600, percent=37.9, used=5050417152, free=7728889856, active=2948464640, inactive=2518597632, wired=2101952512)
2025-11-29 22:00:29,524:INFO:Physical Core: 10
2025-11-29 22:00:29,524:INFO:Logical Core: 10
2025-11-29 22:00:29,524:INFO:Checking libraries
2025-11-29 22:00:29,524:INFO:System:
2025-11-29 22:00:29,524:INFO:    python: 3.9.6 (default, Nov 11 2024, 03:15:38)  [Clang 16.0.0 (clang-1600.0.26.6)]
2025-11-29 22:00:29,524:INFO:executable: /Users/joseph/trainingPython/.venv-pycaret/bin/python
2025-11-29 22:00:29,524:INFO:   machine: macOS-15.2-arm64-arm-64bit
2025-11-29 22:00:29,524:INFO:PyCaret required dependencies:
2025-11-29 22:00:29,526:WARNING:/Users/joseph/trainingPython/.venv-pycaret/lib/python3.9/site-packages/_distutils_hack/__init__.py:30: UserWarning: Setuptools is replacing distutils. Support for replacing an already imported distutils is deprecated. In the future, this condition will fail. Register concerns at https://github.com/pypa/setuptools/issues/new?template=distutils-deprecation.yml
  warnings.warn(

2025-11-29 22:00:29,538:INFO:                 pip: 25.3
2025-11-29 22:00:29,538:INFO:          setuptools: 80.9.0
2025-11-29 22:00:29,538:INFO:             pycaret: 3.3.2
2025-11-29 22:00:29,538:INFO:             IPython: 8.18.1
2025-11-29 22:00:29,538:INFO:          ipywidgets: 8.1.8
2025-11-29 22:00:29,538:INFO:                tqdm: 4.67.1
2025-11-29 22:00:29,538:INFO:               numpy: 1.26.4
2025-11-29 22:00:29,538:INFO:              pandas: 2.1.4
2025-11-29 22:00:29,538:INFO:              jinja2: 3.1.6
2025-11-29 22:00:29,539:INFO:               scipy: 1.11.4
2025-11-29 22:00:29,539:INFO:              joblib: 1.3.2
2025-11-29 22:00:29,539:INFO:             sklearn: 1.4.2
2025-11-29 22:00:29,539:INFO:                pyod: 2.0.5
2025-11-29 22:00:29,539:INFO:            imblearn: 0.12.4
2025-11-29 22:00:29,539:INFO:   category_encoders: 2.6.4
2025-11-29 22:00:29,539:INFO:            lightgbm: 4.6.0
2025-11-29 22:00:29,539:INFO:               numba: 0.60.0
2025-11-29 22:00:29,539:INFO:            requests: 2.32.5
2025-11-29 22:00:29,539:INFO:          matplotlib: 3.7.5
2025-11-29 22:00:29,539:INFO:          scikitplot: 0.3.7
2025-11-29 22:00:29,539:INFO:         yellowbrick: 1.5
2025-11-29 22:00:29,539:INFO:              plotly: 6.5.0
2025-11-29 22:00:29,539:INFO:    plotly-resampler: Not installed
2025-11-29 22:00:29,539:INFO:             kaleido: 1.2.0
2025-11-29 22:00:29,539:INFO:           schemdraw: 0.15
2025-11-29 22:00:29,539:INFO:         statsmodels: 0.14.5
2025-11-29 22:00:29,539:INFO:              sktime: 0.26.0
2025-11-29 22:00:29,539:INFO:               tbats: 1.1.3
2025-11-29 22:00:29,539:INFO:            pmdarima: 2.0.4
2025-11-29 22:00:29,539:INFO:              psutil: 7.1.3
2025-11-29 22:00:29,539:INFO:          markupsafe: 3.0.3
2025-11-29 22:00:29,539:INFO:             pickle5: Not installed
2025-11-29 22:00:29,539:INFO:         cloudpickle: 3.1.2
2025-11-29 22:00:29,539:INFO:         deprecation: 2.1.0
2025-11-29 22:00:29,539:INFO:              xxhash: 3.6.0
2025-11-29 22:00:29,539:INFO:           wurlitzer: 3.1.1
2025-11-29 22:00:29,539:INFO:PyCaret optional dependencies:
2025-11-29 22:00:29,543:INFO:                shap: Not installed
2025-11-29 22:00:29,543:INFO:           interpret: Not installed
2025-11-29 22:00:29,543:INFO:                umap: Not installed
2025-11-29 22:00:29,543:INFO:     ydata_profiling: Not installed
2025-11-29 22:00:29,543:INFO:  explainerdashboard: Not installed
2025-11-29 22:00:29,543:INFO:             autoviz: Not installed
2025-11-29 22:00:29,543:INFO:           fairlearn: Not installed
2025-11-29 22:00:29,543:INFO:          deepchecks: Not installed
2025-11-29 22:00:29,543:INFO:             xgboost: Not installed
2025-11-29 22:00:29,543:INFO:            catboost: Not installed
2025-11-29 22:00:29,543:INFO:              kmodes: Not installed
2025-11-29 22:00:29,543:INFO:             mlxtend: Not installed
2025-11-29 22:00:29,543:INFO:       statsforecast: Not installed
2025-11-29 22:00:29,543:INFO:        tune_sklearn: Not installed
2025-11-29 22:00:29,543:INFO:                 ray: Not installed
2025-11-29 22:00:29,543:INFO:            hyperopt: Not installed
2025-11-29 22:00:29,543:INFO:              optuna: Not installed
2025-11-29 22:00:29,543:INFO:               skopt: Not installed
2025-11-29 22:00:29,543:INFO:              mlflow: Not installed
2025-11-29 22:00:29,543:INFO:              gradio: Not installed
2025-11-29 22:00:29,543:INFO:             fastapi: Not installed
2025-11-29 22:00:29,543:INFO:             uvicorn: Not installed
2025-11-29 22:00:29,544:INFO:              m2cgen: Not installed
2025-11-29 22:00:29,544:INFO:           evidently: Not installed
2025-11-29 22:00:29,544:INFO:               fugue: Not installed
2025-11-29 22:00:29,544:INFO:           streamlit: Not installed
2025-11-29 22:00:29,544:INFO:             prophet: Not installed
2025-11-29 22:00:29,544:INFO:None
2025-11-29 22:00:29,544:INFO:Set up data.
2025-11-29 22:05:15,010:WARNING:
'cuml' is a soft dependency and not included in the pycaret installation. Please run: `pip install cuml` to install.
2025-11-29 22:05:15,010:WARNING:
'cuml' is a soft dependency and not included in the pycaret installation. Please run: `pip install cuml` to install.
2025-11-29 22:05:15,010:WARNING:
'cuml' is a soft dependency and not included in the pycaret installation. Please run: `pip install cuml` to install.
2025-11-29 22:05:15,010:WARNING:
'cuml' is a soft dependency and not included in the pycaret installation. Please run: `pip install cuml` to install.
2025-11-29 22:05:15,341:INFO:PyCaret ClassificationExperiment
2025-11-29 22:05:15,341:INFO:Logging name: clf-default-name
2025-11-29 22:05:15,341:INFO:ML Usecase: MLUsecase.CLASSIFICATION
2025-11-29 22:05:15,341:INFO:version 3.3.2
2025-11-29 22:05:15,341:INFO:Initializing setup()
2025-11-29 22:05:15,341:INFO:self.USI: 19d9
2025-11-29 22:05:15,341:INFO:self._variable_keys: {'fold_generator', 'fold_groups_param', 'gpu_param', 'X_test', 'data', 'USI', 'gpu_n_jobs_param', 'exp_id', '_available_plots', 'seed', 'n_jobs_param', '_ml_usecase', 'fold_shuffle_param', 'idx', 'y_test', 'html_param', 'memory', 'pipeline', 'y_train', 'X_train', 'is_multiclass', 'X', 'y', 'fix_imbalance', 'logging_param', 'exp_name_log', 'target_param', 'log_plots_param'}
2025-11-29 22:05:15,341:INFO:Checking environment
2025-11-29 22:05:15,341:INFO:python_version: 3.9.6
2025-11-29 22:05:15,341:INFO:python_build: ('default', 'Nov 11 2024 03:15:38')
2025-11-29 22:05:15,341:INFO:machine: arm64
2025-11-29 22:05:15,356:INFO:platform: macOS-15.2-arm64-arm-64bit
2025-11-29 22:05:15,356:INFO:Memory: svmem(total=17179869184, available=9236840448, percent=46.2, used=6451314688, free=4888248320, active=4372938752, inactive=3767681024, wired=2078375936)
2025-11-29 22:05:15,356:INFO:Physical Core: 10
2025-11-29 22:05:15,356:INFO:Logical Core: 10
2025-11-29 22:05:15,356:INFO:Checking libraries
2025-11-29 22:05:15,356:INFO:System:
2025-11-29 22:05:15,356:INFO:    python: 3.9.6 (default, Nov 11 2024, 03:15:38)  [Clang 16.0.0 (clang-1600.0.26.6)]
2025-11-29 22:05:15,356:INFO:executable: /Users/joseph/trainingPython/.venv-pycaret/bin/python
2025-11-29 22:05:15,356:INFO:   machine: macOS-15.2-arm64-arm-64bit
2025-11-29 22:05:15,357:INFO:PyCaret required dependencies:
2025-11-29 22:05:15,359:WARNING:/Users/joseph/trainingPython/.venv-pycaret/lib/python3.9/site-packages/_distutils_hack/__init__.py:30: UserWarning: Setuptools is replacing distutils. Support for replacing an already imported distutils is deprecated. In the future, this condition will fail. Register concerns at https://github.com/pypa/setuptools/issues/new?template=distutils-deprecation.yml
  warnings.warn(

2025-11-29 22:05:15,372:INFO:                 pip: 25.3
2025-11-29 22:05:15,372:INFO:          setuptools: 80.9.0
2025-11-29 22:05:15,372:INFO:             pycaret: 3.3.2
2025-11-29 22:05:15,372:INFO:             IPython: 8.18.1
2025-11-29 22:05:15,372:INFO:          ipywidgets: 8.1.8
2025-11-29 22:05:15,372:INFO:                tqdm: 4.67.1
2025-11-29 22:05:15,372:INFO:               numpy: 1.26.4
2025-11-29 22:05:15,372:INFO:              pandas: 2.1.4
2025-11-29 22:05:15,372:INFO:              jinja2: 3.1.6
2025-11-29 22:05:15,372:INFO:               scipy: 1.11.4
2025-11-29 22:05:15,372:INFO:              joblib: 1.3.2
2025-11-29 22:05:15,372:INFO:             sklearn: 1.4.2
2025-11-29 22:05:15,372:INFO:                pyod: 2.0.5
2025-11-29 22:05:15,372:INFO:            imblearn: 0.12.4
2025-11-29 22:05:15,372:INFO:   category_encoders: 2.6.4
2025-11-29 22:05:15,372:INFO:            lightgbm: 4.6.0
2025-11-29 22:05:15,372:INFO:               numba: 0.60.0
2025-11-29 22:05:15,372:INFO:            requests: 2.32.5
2025-11-29 22:05:15,372:INFO:          matplotlib: 3.7.5
2025-11-29 22:05:15,372:INFO:          scikitplot: 0.3.7
2025-11-29 22:05:15,372:INFO:         yellowbrick: 1.5
2025-11-29 22:05:15,372:INFO:              plotly: 6.5.0
2025-11-29 22:05:15,372:INFO:    plotly-resampler: Not installed
2025-11-29 22:05:15,372:INFO:             kaleido: 1.2.0
2025-11-29 22:05:15,372:INFO:           schemdraw: 0.15
2025-11-29 22:05:15,372:INFO:         statsmodels: 0.14.5
2025-11-29 22:05:15,372:INFO:              sktime: 0.26.0
2025-11-29 22:05:15,372:INFO:               tbats: 1.1.3
2025-11-29 22:05:15,372:INFO:            pmdarima: 2.0.4
2025-11-29 22:05:15,372:INFO:              psutil: 7.1.3
2025-11-29 22:05:15,372:INFO:          markupsafe: 3.0.3
2025-11-29 22:05:15,372:INFO:             pickle5: Not installed
2025-11-29 22:05:15,372:INFO:         cloudpickle: 3.1.2
2025-11-29 22:05:15,372:INFO:         deprecation: 2.1.0
2025-11-29 22:05:15,372:INFO:              xxhash: 3.6.0
2025-11-29 22:05:15,372:INFO:           wurlitzer: 3.1.1
2025-11-29 22:05:15,372:INFO:PyCaret optional dependencies:
2025-11-29 22:05:15,377:INFO:                shap: Not installed
2025-11-29 22:05:15,377:INFO:           interpret: Not installed
2025-11-29 22:05:15,377:INFO:                umap: Not installed
2025-11-29 22:05:15,377:INFO:     ydata_profiling: Not installed
2025-11-29 22:05:15,377:INFO:  explainerdashboard: Not installed
2025-11-29 22:05:15,377:INFO:             autoviz: Not installed
2025-11-29 22:05:15,377:INFO:           fairlearn: Not installed
2025-11-29 22:05:15,377:INFO:          deepchecks: Not installed
2025-11-29 22:05:15,377:INFO:             xgboost: Not installed
2025-11-29 22:05:15,377:INFO:            catboost: Not installed
2025-11-29 22:05:15,377:INFO:              kmodes: Not installed
2025-11-29 22:05:15,377:INFO:             mlxtend: Not installed
2025-11-29 22:05:15,377:INFO:       statsforecast: Not installed
2025-11-29 22:05:15,377:INFO:        tune_sklearn: Not installed
2025-11-29 22:05:15,377:INFO:                 ray: Not installed
2025-11-29 22:05:15,377:INFO:            hyperopt: Not installed
2025-11-29 22:05:15,377:INFO:              optuna: Not installed
2025-11-29 22:05:15,377:INFO:               skopt: Not installed
2025-11-29 22:05:15,377:INFO:              mlflow: Not installed
2025-11-29 22:05:15,377:INFO:              gradio: Not installed
2025-11-29 22:05:15,377:INFO:             fastapi: Not installed
2025-11-29 22:05:15,377:INFO:             uvicorn: Not installed
2025-11-29 22:05:15,377:INFO:              m2cgen: Not installed
2025-11-29 22:05:15,377:INFO:           evidently: Not installed
2025-11-29 22:05:15,377:INFO:               fugue: Not installed
2025-11-29 22:05:15,377:INFO:           streamlit: Not installed
2025-11-29 22:05:15,377:INFO:             prophet: Not installed
2025-11-29 22:05:15,377:INFO:None
2025-11-29 22:05:15,377:INFO:Set up data.
2025-11-29 22:06:40,165:WARNING:
'cuml' is a soft dependency and not included in the pycaret installation. Please run: `pip install cuml` to install.
2025-11-29 22:06:40,165:WARNING:
'cuml' is a soft dependency and not included in the pycaret installation. Please run: `pip install cuml` to install.
2025-11-29 22:06:40,165:WARNING:
'cuml' is a soft dependency and not included in the pycaret installation. Please run: `pip install cuml` to install.
2025-11-29 22:06:40,165:WARNING:
'cuml' is a soft dependency and not included in the pycaret installation. Please run: `pip install cuml` to install.
2025-11-29 22:06:40,492:INFO:PyCaret ClassificationExperiment
2025-11-29 22:06:40,492:INFO:Logging name: clf-default-name
2025-11-29 22:06:40,492:INFO:ML Usecase: MLUsecase.CLASSIFICATION
2025-11-29 22:06:40,492:INFO:version 3.3.2
2025-11-29 22:06:40,492:INFO:Initializing setup()
2025-11-29 22:06:40,492:INFO:self.USI: 77c3
2025-11-29 22:06:40,493:INFO:self._variable_keys: {'fix_imbalance', 'log_plots_param', 'seed', '_available_plots', 'logging_param', 'fold_shuffle_param', 'data', 'n_jobs_param', 'fold_generator', 'memory', 'gpu_param', 'fold_groups_param', 'X', 'X_test', 'exp_name_log', 'is_multiclass', 'exp_id', 'html_param', 'y', 'y_test', 'idx', 'gpu_n_jobs_param', 'y_train', 'pipeline', 'target_param', '_ml_usecase', 'X_train', 'USI'}
2025-11-29 22:06:40,493:INFO:Checking environment
2025-11-29 22:06:40,493:INFO:python_version: 3.9.6
2025-11-29 22:06:40,493:INFO:python_build: ('default', 'Nov 11 2024 03:15:38')
2025-11-29 22:06:40,493:INFO:machine: arm64
2025-11-29 22:06:40,508:INFO:platform: macOS-15.2-arm64-arm-64bit
2025-11-29 22:06:40,508:INFO:Memory: svmem(total=17179869184, available=10667114496, percent=37.9, used=4974149632, free=7773110272, active=2908798976, inactive=2748547072, wired=2065350656)
2025-11-29 22:06:40,508:INFO:Physical Core: 10
2025-11-29 22:06:40,508:INFO:Logical Core: 10
2025-11-29 22:06:40,508:INFO:Checking libraries
2025-11-29 22:06:40,508:INFO:System:
2025-11-29 22:06:40,508:INFO:    python: 3.9.6 (default, Nov 11 2024, 03:15:38)  [Clang 16.0.0 (clang-1600.0.26.6)]
2025-11-29 22:06:40,508:INFO:executable: /Users/joseph/trainingPython/.venv-pycaret/bin/python
2025-11-29 22:06:40,508:INFO:   machine: macOS-15.2-arm64-arm-64bit
2025-11-29 22:06:40,508:INFO:PyCaret required dependencies:
2025-11-29 22:06:40,510:WARNING:/Users/joseph/trainingPython/.venv-pycaret/lib/python3.9/site-packages/_distutils_hack/__init__.py:30: UserWarning: Setuptools is replacing distutils. Support for replacing an already imported distutils is deprecated. In the future, this condition will fail. Register concerns at https://github.com/pypa/setuptools/issues/new?template=distutils-deprecation.yml
  warnings.warn(

2025-11-29 22:06:40,522:INFO:                 pip: 25.3
2025-11-29 22:06:40,522:INFO:          setuptools: 80.9.0
2025-11-29 22:06:40,522:INFO:             pycaret: 3.3.2
2025-11-29 22:06:40,522:INFO:             IPython: 8.18.1
2025-11-29 22:06:40,522:INFO:          ipywidgets: 8.1.8
2025-11-29 22:06:40,522:INFO:                tqdm: 4.67.1
2025-11-29 22:06:40,522:INFO:               numpy: 1.26.4
2025-11-29 22:06:40,522:INFO:              pandas: 2.1.4
2025-11-29 22:06:40,522:INFO:              jinja2: 3.1.6
2025-11-29 22:06:40,522:INFO:               scipy: 1.11.4
2025-11-29 22:06:40,522:INFO:              joblib: 1.3.2
2025-11-29 22:06:40,522:INFO:             sklearn: 1.4.2
2025-11-29 22:06:40,522:INFO:                pyod: 2.0.5
2025-11-29 22:06:40,522:INFO:            imblearn: 0.12.4
2025-11-29 22:06:40,522:INFO:   category_encoders: 2.6.4
2025-11-29 22:06:40,522:INFO:            lightgbm: 4.6.0
2025-11-29 22:06:40,522:INFO:               numba: 0.60.0
2025-11-29 22:06:40,522:INFO:            requests: 2.32.5
2025-11-29 22:06:40,522:INFO:          matplotlib: 3.7.5
2025-11-29 22:06:40,522:INFO:          scikitplot: 0.3.7
2025-11-29 22:06:40,522:INFO:         yellowbrick: 1.5
2025-11-29 22:06:40,522:INFO:              plotly: 6.5.0
2025-11-29 22:06:40,522:INFO:    plotly-resampler: Not installed
2025-11-29 22:06:40,522:INFO:             kaleido: 1.2.0
2025-11-29 22:06:40,522:INFO:           schemdraw: 0.15
2025-11-29 22:06:40,522:INFO:         statsmodels: 0.14.5
2025-11-29 22:06:40,522:INFO:              sktime: 0.26.0
2025-11-29 22:06:40,522:INFO:               tbats: 1.1.3
2025-11-29 22:06:40,522:INFO:            pmdarima: 2.0.4
2025-11-29 22:06:40,522:INFO:              psutil: 7.1.3
2025-11-29 22:06:40,522:INFO:          markupsafe: 3.0.3
2025-11-29 22:06:40,522:INFO:             pickle5: Not installed
2025-11-29 22:06:40,522:INFO:         cloudpickle: 3.1.2
2025-11-29 22:06:40,522:INFO:         deprecation: 2.1.0
2025-11-29 22:06:40,522:INFO:              xxhash: 3.6.0
2025-11-29 22:06:40,522:INFO:           wurlitzer: 3.1.1
2025-11-29 22:06:40,522:INFO:PyCaret optional dependencies:
2025-11-29 22:06:40,527:INFO:                shap: Not installed
2025-11-29 22:06:40,527:INFO:           interpret: Not installed
2025-11-29 22:06:40,527:INFO:                umap: Not installed
2025-11-29 22:06:40,527:INFO:     ydata_profiling: Not installed
2025-11-29 22:06:40,527:INFO:  explainerdashboard: Not installed
2025-11-29 22:06:40,527:INFO:             autoviz: Not installed
2025-11-29 22:06:40,527:INFO:           fairlearn: Not installed
2025-11-29 22:06:40,527:INFO:          deepchecks: Not installed
2025-11-29 22:06:40,527:INFO:             xgboost: Not installed
2025-11-29 22:06:40,527:INFO:            catboost: Not installed
2025-11-29 22:06:40,527:INFO:              kmodes: Not installed
2025-11-29 22:06:40,527:INFO:             mlxtend: Not installed
2025-11-29 22:06:40,527:INFO:       statsforecast: Not installed
2025-11-29 22:06:40,527:INFO:        tune_sklearn: Not installed
2025-11-29 22:06:40,527:INFO:                 ray: Not installed
2025-11-29 22:06:40,527:INFO:            hyperopt: Not installed
2025-11-29 22:06:40,527:INFO:              optuna: Not installed
2025-11-29 22:06:40,527:INFO:               skopt: Not installed
2025-11-29 22:06:40,527:INFO:              mlflow: Not installed
2025-11-29 22:06:40,527:INFO:              gradio: Not installed
2025-11-29 22:06:40,527:INFO:             fastapi: Not installed
2025-11-29 22:06:40,527:INFO:             uvicorn: Not installed
2025-11-29 22:06:40,527:INFO:              m2cgen: Not installed
2025-11-29 22:06:40,527:INFO:           evidently: Not installed
2025-11-29 22:06:40,527:INFO:               fugue: Not installed
2025-11-29 22:06:40,527:INFO:           streamlit: Not installed
2025-11-29 22:06:40,527:INFO:             prophet: Not installed
2025-11-29 22:06:40,527:INFO:None
2025-11-29 22:06:40,527:INFO:Set up data.
